<?xml version="1.0" encoding="UTF-8"?>
<testsuite name="application.DatabaseTest" tests="7" skipped="0" failures="0" errors="0" timestamp="2017-03-19T17:26:21" hostname="Christians-MacBook-Pro-2.local" time="0.895">
  <properties/>
  <testcase name="testLectures" classname="application.DatabaseTest" time="0.589"/>
  <testcase name="testDeleteTopic" classname="application.DatabaseTest" time="0.085"/>
  <testcase name="testCreateTopic" classname="application.DatabaseTest" time="0.054"/>
  <testcase name="testCreateLecture" classname="application.DatabaseTest" time="0.052"/>
  <testcase name="testCourses" classname="application.DatabaseTest" time="0.017"/>
  <testcase name="testDeleteLecture" classname="application.DatabaseTest" time="0.081"/>
  <testcase name="testTopics" classname="application.DatabaseTest" time="0.016"/>
  <system-out><![CDATA[65
]]></system-out>
  <system-err><![CDATA[]]></system-err>
</testsuite>
