<?xml version="1.0" encoding="UTF-8"?>
<testsuite name="application.DatabaseTest" tests="9" skipped="0" failures="0" errors="0" timestamp="2017-03-20T13:22:57" hostname="Christians-MacBook-Pro-2.local" time="10.653">
  <properties/>
  <testcase name="testLectures" classname="application.DatabaseTest" time="1.031"/>
  <testcase name="testDeleteTopic" classname="application.DatabaseTest" time="1.779"/>
  <testcase name="testAnswerQuestion" classname="application.DatabaseTest" time="1.852"/>
  <testcase name="testCreateTopic" classname="application.DatabaseTest" time="1.427"/>
  <testcase name="testQuestion" classname="application.DatabaseTest" time="0.447"/>
  <testcase name="testCreateLecture" classname="application.DatabaseTest" time="1.353"/>
  <testcase name="testCourses" classname="application.DatabaseTest" time="0.439"/>
  <testcase name="testDeleteLecture" classname="application.DatabaseTest" time="1.876"/>
  <testcase name="testTopics" classname="application.DatabaseTest" time="0.445"/>
  <system-out><![CDATA[]]></system-out>
  <system-err><![CDATA[]]></system-err>
</testsuite>
