<?xml version="1.0" encoding="UTF-8"?>
<testsuite name="application.DatabaseTest" tests="7" skipped="0" failures="0" errors="0" timestamp="2017-03-17T16:48:09" hostname="Christians-MacBook-Pro-2.local" time="0.721">
  <properties/>
  <testcase name="testLectures" classname="application.DatabaseTest" time="0.414"/>
  <testcase name="testDeleteTopic" classname="application.DatabaseTest" time="0.078"/>
  <testcase name="testCreateTopic" classname="application.DatabaseTest" time="0.056"/>
  <testcase name="testCreateLecture" classname="application.DatabaseTest" time="0.059"/>
  <testcase name="testCourses" classname="application.DatabaseTest" time="0.018"/>
  <testcase name="testDeleteLecture" classname="application.DatabaseTest" time="0.077"/>
  <testcase name="testTopics" classname="application.DatabaseTest" time="0.018"/>
  <system-out><![CDATA[59
]]></system-out>
  <system-err><![CDATA[]]></system-err>
</testsuite>
