<?xml version="1.0" encoding="UTF-8"?>
<testsuite name="application.LectureTest" tests="4" skipped="0" failures="0" errors="0" timestamp="2017-03-20T13:23:07" hostname="Christians-MacBook-Pro-2.local" time="0.002">
  <properties/>
  <testcase name="testLectureNumber" classname="application.LectureTest" time="0.0"/>
  <testcase name="testLectureID" classname="application.LectureTest" time="0.001"/>
  <testcase name="testCourseID" classname="application.LectureTest" time="0.0"/>
  <testcase name="testLectureName" classname="application.LectureTest" time="0.001"/>
  <system-out><![CDATA[]]></system-out>
  <system-err><![CDATA[]]></system-err>
</testsuite>
