<?xml version="1.0" encoding="UTF-8"?>
<testsuite name="application.CourseTest" tests="3" skipped="0" failures="0" errors="0" timestamp="2017-03-17T16:48:09" hostname="Christians-MacBook-Pro-2.local" time="0.009">
  <properties/>
  <testcase name="testCourseID" classname="application.CourseTest" time="0.008"/>
  <testcase name="testCourseCode" classname="application.CourseTest" time="0.0"/>
  <testcase name="testCourseName" classname="application.CourseTest" time="0.0"/>
  <system-out><![CDATA[]]></system-out>
  <system-err><![CDATA[]]></system-err>
</testsuite>
