<?xml version="1.0" encoding="UTF-8"?>
<testsuite name="application.DatabaseTest" tests="9" skipped="0" failures="0" errors="0" timestamp="2017-03-20T14:31:52" hostname="Christians-MacBook-Pro-2.local" time="10.583">
  <properties/>
  <testcase name="testLectures" classname="application.DatabaseTest" time="0.902"/>
  <testcase name="testDeleteTopic" classname="application.DatabaseTest" time="1.81"/>
  <testcase name="testAnswerQuestion" classname="application.DatabaseTest" time="1.891"/>
  <testcase name="testCreateTopic" classname="application.DatabaseTest" time="1.345"/>
  <testcase name="testQuestion" classname="application.DatabaseTest" time="0.515"/>
  <testcase name="testCreateLecture" classname="application.DatabaseTest" time="1.364"/>
  <testcase name="testCourses" classname="application.DatabaseTest" time="0.442"/>
  <testcase name="testDeleteLecture" classname="application.DatabaseTest" time="1.867"/>
  <testcase name="testTopics" classname="application.DatabaseTest" time="0.443"/>
  <system-out><![CDATA[]]></system-out>
  <system-err><![CDATA[]]></system-err>
</testsuite>
